<?xml version="1.0" encoding="UTF-8"?>
<!-- Generated by org.testng.reporters.JUnitReportReporter -->
<testsuite hostname="dbcdceadbaecfceaeecaddcbfcddfcccbcdcadadac-0" failures="0" tests="1" name="runner.Testcase1" time="13.891" errors="0" timestamp="2024-01-02T10:23:00 UTC" skipped="0">
  <testcase classname="runner.Testcase1" name="TC_001" time="13.891"/>
</testsuite> <!-- runner.Testcase1 -->
