<?xml version="1.0" encoding="UTF-8"?>
<!-- Generated by org.testng.reporters.JUnitReportReporter -->
<testsuite hostname="dbcdceadbaecfceaeecaddcbfcddfcccbcdcadadac-0" failures="0" tests="1" name="runner.Testcase1" time="8.006" errors="0" timestamp="2024-01-02T11:55:06 UTC" skipped="0">
  <testcase classname="runner.Testcase1" name="TC_001" time="8.006"/>
</testsuite> <!-- runner.Testcase1 -->
