<?xml version="1.0" encoding="UTF-8"?>
<!-- Generated by org.testng.reporters.JUnitReportReporter -->
<testsuite hostname="dbcdceadbaecfceaeecaddcbfcddfcccbcdcadadac-0" failures="0" tests="1" name="runner.Testcase3" time="31.391" errors="0" timestamp="2024-01-02T10:56:01 UTC" skipped="0">
  <testcase classname="runner.Testcase3" name="TC_003" time="31.391"/>
</testsuite> <!-- runner.Testcase3 -->
